03-Jun-2022 09:39:44.174 INFORMAÇÕES [main] org.apache.catalina.startup.VersionLoggerListener.log Server version name:   Apache Tomcat/8.5.79
03-Jun-2022 09:39:44.175 INFORMAÇÕES [main] org.apache.catalina.startup.VersionLoggerListener.log Server built:          May 16 2022 15:36:23 UTC
03-Jun-2022 09:39:44.176 INFORMAÇÕES [main] org.apache.catalina.startup.VersionLoggerListener.log Server version number: 8.5.79.0
03-Jun-2022 09:39:44.176 INFORMAÇÕES [main] org.apache.catalina.startup.VersionLoggerListener.log OS Name:               Windows 10
03-Jun-2022 09:39:44.176 INFORMAÇÕES [main] org.apache.catalina.startup.VersionLoggerListener.log OS Version:            10.0
03-Jun-2022 09:39:44.176 INFORMAÇÕES [main] org.apache.catalina.startup.VersionLoggerListener.log Architecture:          amd64
03-Jun-2022 09:39:44.176 INFORMAÇÕES [main] org.apache.catalina.startup.VersionLoggerListener.log Java Home:             C:\Program Files\Java\jdk1.8.0_3\jre
03-Jun-2022 09:39:44.176 INFORMAÇÕES [main] org.apache.catalina.startup.VersionLoggerListener.log JVM Version:           1.8.0_301-b09
03-Jun-2022 09:39:44.176 INFORMAÇÕES [main] org.apache.catalina.startup.VersionLoggerListener.log JVM Vendor:            Oracle Corporation
03-Jun-2022 09:39:44.176 INFORMAÇÕES [main] org.apache.catalina.startup.VersionLoggerListener.log CATALINA_BASE:         D:\Projetos Java\ProjetoLoja\apache-tomcat-8.5.79
03-Jun-2022 09:39:44.176 INFORMAÇÕES [main] org.apache.catalina.startup.VersionLoggerListener.log CATALINA_HOME:         D:\Projetos Java\ProjetoLoja\apache-tomcat-8.5.79
03-Jun-2022 09:39:44.176 INFORMAÇÕES [main] org.apache.catalina.startup.VersionLoggerListener.log Command line argument: -Djava.util.logging.config.file=D:\Projetos Java\ProjetoLoja\apache-tomcat-8.5.79\conf\logging.properties
03-Jun-2022 09:39:44.176 INFORMAÇÕES [main] org.apache.catalina.startup.VersionLoggerListener.log Command line argument: -Djava.util.logging.manager=org.apache.juli.ClassLoaderLogManager
03-Jun-2022 09:39:44.177 INFORMAÇÕES [main] org.apache.catalina.startup.VersionLoggerListener.log Command line argument: -Dhttp.nonProxyHosts=localhost|127.0.0.1|DESKTOP-ROCHA
03-Jun-2022 09:39:44.177 INFORMAÇÕES [main] org.apache.catalina.startup.VersionLoggerListener.log Command line argument: -Djdk.tls.ephemeralDHKeySize=2048
03-Jun-2022 09:39:44.177 INFORMAÇÕES [main] org.apache.catalina.startup.VersionLoggerListener.log Command line argument: -Djava.protocol.handler.pkgs=org.apache.catalina.webresources
03-Jun-2022 09:39:44.177 INFORMAÇÕES [main] org.apache.catalina.startup.VersionLoggerListener.log Command line argument: -Dignore.endorsed.dirs=
03-Jun-2022 09:39:44.177 INFORMAÇÕES [main] org.apache.catalina.startup.VersionLoggerListener.log Command line argument: -Dcatalina.base=D:\Projetos Java\ProjetoLoja\apache-tomcat-8.5.79
03-Jun-2022 09:39:44.177 INFORMAÇÕES [main] org.apache.catalina.startup.VersionLoggerListener.log Command line argument: -Dcatalina.home=D:\Projetos Java\ProjetoLoja\apache-tomcat-8.5.79
03-Jun-2022 09:39:44.177 INFORMAÇÕES [main] org.apache.catalina.startup.VersionLoggerListener.log Command line argument: -Djava.io.tmpdir=D:\Projetos Java\ProjetoLoja\apache-tomcat-8.5.79\temp
03-Jun-2022 09:39:44.177 INFORMAÇÕES [main] org.apache.catalina.core.AprLifecycleListener.lifecycleEvent Loaded Apache Tomcat Native library [1.2.33] using APR version [1.7.0].
03-Jun-2022 09:39:44.177 INFORMAÇÕES [main] org.apache.catalina.core.AprLifecycleListener.lifecycleEvent APR capabilities: IPv6 [true], sendfile [true], accept filters [false], random [true], UDS [{4}].
03-Jun-2022 09:39:44.177 INFORMAÇÕES [main] org.apache.catalina.core.AprLifecycleListener.lifecycleEvent APR/OpenSSL configuration: useAprConnector [false], useOpenSSL [true]
03-Jun-2022 09:39:44.181 INFORMAÇÕES [main] org.apache.catalina.core.AprLifecycleListener.initializeSSL OpenSSL successfully initialized [OpenSSL 1.1.1o  3 May 2022]
03-Jun-2022 09:39:44.321 INFORMAÇÕES [main] org.apache.coyote.AbstractProtocol.init Initializing ProtocolHandler ["http-nio-8080"]
03-Jun-2022 09:39:44.341 INFORMAÇÕES [main] org.apache.catalina.startup.Catalina.load Initialization processed in 430 ms
03-Jun-2022 09:39:44.394 INFORMAÇÕES [main] org.apache.catalina.core.StandardService.startInternal Starting service [Catalina]
03-Jun-2022 09:39:44.394 INFORMAÇÕES [main] org.apache.catalina.core.StandardEngine.startInternal Starting Servlet engine: [Apache Tomcat/8.5.79]
03-Jun-2022 09:39:44.400 INFORMAÇÕES [localhost-startStop-1] org.apache.catalina.startup.HostConfig.deployDirectory Deploying web application directory [D:\Projetos Java\ProjetoLoja\apache-tomcat-8.5.79\webapps\docs]
03-Jun-2022 09:39:44.624 INFORMAÇÕES [localhost-startStop-1] org.apache.catalina.startup.HostConfig.deployDirectory Deployment of web application directory [D:\Projetos Java\ProjetoLoja\apache-tomcat-8.5.79\webapps\docs] has finished in [224] ms
03-Jun-2022 09:39:44.624 INFORMAÇÕES [localhost-startStop-1] org.apache.catalina.startup.HostConfig.deployDirectory Deploying web application directory [D:\Projetos Java\ProjetoLoja\apache-tomcat-8.5.79\webapps\examples]
03-Jun-2022 09:39:44.978 INFORMAÇÕES [localhost-startStop-1] org.apache.catalina.startup.HostConfig.deployDirectory Deployment of web application directory [D:\Projetos Java\ProjetoLoja\apache-tomcat-8.5.79\webapps\examples] has finished in [354] ms
03-Jun-2022 09:39:44.978 INFORMAÇÕES [localhost-startStop-1] org.apache.catalina.startup.HostConfig.deployDirectory Deploying web application directory [D:\Projetos Java\ProjetoLoja\apache-tomcat-8.5.79\webapps\host-manager]
03-Jun-2022 09:39:45.008 INFORMAÇÕES [localhost-startStop-1] org.apache.catalina.startup.HostConfig.deployDirectory Deployment of web application directory [D:\Projetos Java\ProjetoLoja\apache-tomcat-8.5.79\webapps\host-manager] has finished in [29] ms
03-Jun-2022 09:39:45.008 INFORMAÇÕES [localhost-startStop-1] org.apache.catalina.startup.HostConfig.deployDirectory Deploying web application directory [D:\Projetos Java\ProjetoLoja\apache-tomcat-8.5.79\webapps\manager]
03-Jun-2022 09:39:45.026 INFORMAÇÕES [localhost-startStop-1] org.apache.catalina.startup.HostConfig.deployDirectory Deployment of web application directory [D:\Projetos Java\ProjetoLoja\apache-tomcat-8.5.79\webapps\manager] has finished in [18] ms
03-Jun-2022 09:39:45.026 INFORMAÇÕES [localhost-startStop-1] org.apache.catalina.startup.HostConfig.deployDirectory Deploying web application directory [D:\Projetos Java\ProjetoLoja\apache-tomcat-8.5.79\webapps\ROOT]
03-Jun-2022 09:39:45.042 INFORMAÇÕES [localhost-startStop-1] org.apache.catalina.startup.HostConfig.deployDirectory Deployment of web application directory [D:\Projetos Java\ProjetoLoja\apache-tomcat-8.5.79\webapps\ROOT] has finished in [16] ms
03-Jun-2022 09:39:45.044 INFORMAÇÕES [main] org.apache.coyote.AbstractProtocol.start Starting ProtocolHandler ["http-nio-8080"]
03-Jun-2022 09:39:45.065 INFORMAÇÕES [main] org.apache.catalina.startup.Catalina.start Server startup in 724 ms
03-Jun-2022 09:40:20.462 INFORMAÇÕES [main] org.apache.catalina.core.StandardServer.await A valid shutdown command was received via the shutdown port. Stopping the Server instance.
03-Jun-2022 09:40:20.462 INFORMAÇÕES [main] org.apache.coyote.AbstractProtocol.pause Pausing ProtocolHandler ["http-nio-8080"]
03-Jun-2022 09:40:20.513 INFORMAÇÕES [main] org.apache.catalina.core.StandardService.stopInternal Stopping service [Catalina]
03-Jun-2022 09:40:20.527 INFORMAÇÕES [main] org.apache.coyote.AbstractProtocol.stop Stopping ProtocolHandler ["http-nio-8080"]
03-Jun-2022 09:40:20.542 INFORMAÇÕES [main] org.apache.coyote.AbstractProtocol.destroy Destroying ProtocolHandler ["http-nio-8080"]
03-Jun-2022 09:41:30.087 INFORMAÇÕES [main] org.apache.catalina.startup.VersionLoggerListener.log Server version name:   Apache Tomcat/8.5.79
03-Jun-2022 09:41:30.089 INFORMAÇÕES [main] org.apache.catalina.startup.VersionLoggerListener.log Server built:          May 16 2022 15:36:23 UTC
03-Jun-2022 09:41:30.090 INFORMAÇÕES [main] org.apache.catalina.startup.VersionLoggerListener.log Server version number: 8.5.79.0
03-Jun-2022 09:41:30.090 INFORMAÇÕES [main] org.apache.catalina.startup.VersionLoggerListener.log OS Name:               Windows 10
03-Jun-2022 09:41:30.090 INFORMAÇÕES [main] org.apache.catalina.startup.VersionLoggerListener.log OS Version:            10.0
03-Jun-2022 09:41:30.090 INFORMAÇÕES [main] org.apache.catalina.startup.VersionLoggerListener.log Architecture:          amd64
03-Jun-2022 09:41:30.090 INFORMAÇÕES [main] org.apache.catalina.startup.VersionLoggerListener.log Java Home:             C:\Program Files\Java\jdk1.8.0_3\jre
03-Jun-2022 09:41:30.090 INFORMAÇÕES [main] org.apache.catalina.startup.VersionLoggerListener.log JVM Version:           1.8.0_301-b09
03-Jun-2022 09:41:30.090 INFORMAÇÕES [main] org.apache.catalina.startup.VersionLoggerListener.log JVM Vendor:            Oracle Corporation
03-Jun-2022 09:41:30.090 INFORMAÇÕES [main] org.apache.catalina.startup.VersionLoggerListener.log CATALINA_BASE:         D:\Projetos Java\ProjetoLoja\apache-tomcat-8.5.79
03-Jun-2022 09:41:30.090 INFORMAÇÕES [main] org.apache.catalina.startup.VersionLoggerListener.log CATALINA_HOME:         D:\Projetos Java\ProjetoLoja\apache-tomcat-8.5.79
03-Jun-2022 09:41:30.090 INFORMAÇÕES [main] org.apache.catalina.startup.VersionLoggerListener.log Command line argument: -Djava.util.logging.config.file=D:\Projetos Java\ProjetoLoja\apache-tomcat-8.5.79\conf\logging.properties
03-Jun-2022 09:41:30.090 INFORMAÇÕES [main] org.apache.catalina.startup.VersionLoggerListener.log Command line argument: -Djava.util.logging.manager=org.apache.juli.ClassLoaderLogManager
03-Jun-2022 09:41:30.090 INFORMAÇÕES [main] org.apache.catalina.startup.VersionLoggerListener.log Command line argument: -Dhttp.nonProxyHosts=localhost|127.0.0.1|DESKTOP-ROCHA
03-Jun-2022 09:41:30.090 INFORMAÇÕES [main] org.apache.catalina.startup.VersionLoggerListener.log Command line argument: -Djdk.tls.ephemeralDHKeySize=2048
03-Jun-2022 09:41:30.090 INFORMAÇÕES [main] org.apache.catalina.startup.VersionLoggerListener.log Command line argument: -Djava.protocol.handler.pkgs=org.apache.catalina.webresources
03-Jun-2022 09:41:30.091 INFORMAÇÕES [main] org.apache.catalina.startup.VersionLoggerListener.log Command line argument: -Dignore.endorsed.dirs=
03-Jun-2022 09:41:30.091 INFORMAÇÕES [main] org.apache.catalina.startup.VersionLoggerListener.log Command line argument: -Dcatalina.base=D:\Projetos Java\ProjetoLoja\apache-tomcat-8.5.79
03-Jun-2022 09:41:30.091 INFORMAÇÕES [main] org.apache.catalina.startup.VersionLoggerListener.log Command line argument: -Dcatalina.home=D:\Projetos Java\ProjetoLoja\apache-tomcat-8.5.79
03-Jun-2022 09:41:30.091 INFORMAÇÕES [main] org.apache.catalina.startup.VersionLoggerListener.log Command line argument: -Djava.io.tmpdir=D:\Projetos Java\ProjetoLoja\apache-tomcat-8.5.79\temp
03-Jun-2022 09:41:30.091 INFORMAÇÕES [main] org.apache.catalina.core.AprLifecycleListener.lifecycleEvent Loaded Apache Tomcat Native library [1.2.33] using APR version [1.7.0].
03-Jun-2022 09:41:30.091 INFORMAÇÕES [main] org.apache.catalina.core.AprLifecycleListener.lifecycleEvent APR capabilities: IPv6 [true], sendfile [true], accept filters [false], random [true], UDS [{4}].
03-Jun-2022 09:41:30.091 INFORMAÇÕES [main] org.apache.catalina.core.AprLifecycleListener.lifecycleEvent APR/OpenSSL configuration: useAprConnector [false], useOpenSSL [true]
03-Jun-2022 09:41:30.095 INFORMAÇÕES [main] org.apache.catalina.core.AprLifecycleListener.initializeSSL OpenSSL successfully initialized [OpenSSL 1.1.1o  3 May 2022]
03-Jun-2022 09:41:30.215 INFORMAÇÕES [main] org.apache.coyote.AbstractProtocol.init Initializing ProtocolHandler ["http-nio-8080"]
03-Jun-2022 09:41:30.234 INFORMAÇÕES [main] org.apache.catalina.startup.Catalina.load Initialization processed in 395 ms
03-Jun-2022 09:41:30.284 INFORMAÇÕES [main] org.apache.catalina.core.StandardService.startInternal Starting service [Catalina]
03-Jun-2022 09:41:30.284 INFORMAÇÕES [main] org.apache.catalina.core.StandardEngine.startInternal Starting Servlet engine: [Apache Tomcat/8.5.79]
03-Jun-2022 09:41:30.289 INFORMAÇÕES [localhost-startStop-1] org.apache.catalina.startup.HostConfig.deployDirectory Deploying web application directory [D:\Projetos Java\ProjetoLoja\apache-tomcat-8.5.79\webapps\docs]
03-Jun-2022 09:41:30.494 INFORMAÇÕES [localhost-startStop-1] org.apache.catalina.startup.HostConfig.deployDirectory Deployment of web application directory [D:\Projetos Java\ProjetoLoja\apache-tomcat-8.5.79\webapps\docs] has finished in [204] ms
03-Jun-2022 09:41:30.494 INFORMAÇÕES [localhost-startStop-1] org.apache.catalina.startup.HostConfig.deployDirectory Deploying web application directory [D:\Projetos Java\ProjetoLoja\apache-tomcat-8.5.79\webapps\examples]
03-Jun-2022 09:41:30.708 INFORMAÇÕES [localhost-startStop-1] org.apache.catalina.startup.HostConfig.deployDirectory Deployment of web application directory [D:\Projetos Java\ProjetoLoja\apache-tomcat-8.5.79\webapps\examples] has finished in [214] ms
03-Jun-2022 09:41:30.708 INFORMAÇÕES [localhost-startStop-1] org.apache.catalina.startup.HostConfig.deployDirectory Deploying web application directory [D:\Projetos Java\ProjetoLoja\apache-tomcat-8.5.79\webapps\host-manager]
03-Jun-2022 09:41:30.725 INFORMAÇÕES [localhost-startStop-1] org.apache.catalina.startup.HostConfig.deployDirectory Deployment of web application directory [D:\Projetos Java\ProjetoLoja\apache-tomcat-8.5.79\webapps\host-manager] has finished in [17] ms
03-Jun-2022 09:41:30.725 INFORMAÇÕES [localhost-startStop-1] org.apache.catalina.startup.HostConfig.deployDirectory Deploying web application directory [D:\Projetos Java\ProjetoLoja\apache-tomcat-8.5.79\webapps\manager]
03-Jun-2022 09:41:30.744 INFORMAÇÕES [localhost-startStop-1] org.apache.catalina.startup.HostConfig.deployDirectory Deployment of web application directory [D:\Projetos Java\ProjetoLoja\apache-tomcat-8.5.79\webapps\manager] has finished in [19] ms
03-Jun-2022 09:41:30.744 INFORMAÇÕES [localhost-startStop-1] org.apache.catalina.startup.HostConfig.deployDirectory Deploying web application directory [D:\Projetos Java\ProjetoLoja\apache-tomcat-8.5.79\webapps\ROOT]
03-Jun-2022 09:41:30.758 INFORMAÇÕES [localhost-startStop-1] org.apache.catalina.startup.HostConfig.deployDirectory Deployment of web application directory [D:\Projetos Java\ProjetoLoja\apache-tomcat-8.5.79\webapps\ROOT] has finished in [14] ms
03-Jun-2022 09:41:30.759 INFORMAÇÕES [main] org.apache.coyote.AbstractProtocol.start Starting ProtocolHandler ["http-nio-8080"]
03-Jun-2022 09:41:30.768 INFORMAÇÕES [main] org.apache.catalina.startup.Catalina.start Server startup in 533 ms
03-Jun-2022 09:41:31.098 INFORMAÇÕES [http-nio-8080-exec-4] org.apache.catalina.startup.HostConfig.deployDescriptor Deploying deployment descriptor [D:\Projetos Java\ProjetoLoja\apache-tomcat-8.5.79\conf\Catalina\localhost\ProjetoLoja.xml]
03-Jun-2022 09:41:31.360 INFORMAÇÕES [http-nio-8080-exec-4] org.apache.jasper.servlet.TldScanner.scanJars At least one JAR was scanned for TLDs yet contained no TLDs. Enable debug logging for this logger for a complete list of JARs that were scanned but no TLDs were found in them. Skipping unneeded JARs during scanning can improve startup time and JSP compilation time.
03-Jun-2022 09:41:31.363 INFORMAÇÕES [http-nio-8080-exec-4] org.apache.catalina.startup.HostConfig.deployDescriptor Deployment of deployment descriptor [D:\Projetos Java\ProjetoLoja\apache-tomcat-8.5.79\conf\Catalina\localhost\ProjetoLoja.xml] has finished in [264] ms
03-Jun-2022 09:41:31.365 INFORMAÇÕES [http-nio-8080-exec-3] org.apache.catalina.util.LifecycleBase.start The start() method was called on component [StandardEngine[Catalina].StandardHost[localhost].StandardContext[/ProjetoLoja]] after start() had already been called. The second call will be ignored.
03-Jun-2022 09:42:52.832 ADVERTÊNCIA [http-nio-8080-exec-2] org.apache.catalina.loader.WebappClassLoaderBase.clearReferencesJdbc The web application [ProjetoLoja] registered the JDBC driver [com.mysql.cj.jdbc.Driver] but failed to unregister it when the web application was stopped. To prevent a memory leak, the JDBC Driver has been forcibly unregistered.
03-Jun-2022 09:42:52.832 ADVERTÊNCIA [http-nio-8080-exec-2] org.apache.catalina.loader.WebappClassLoaderBase.clearReferencesThreads The web application [ProjetoLoja] appears to have started a thread named [mysql-cj-abandoned-connection-cleanup] but has failed to stop it. This is very likely to create a memory leak. Stack trace of thread:
 java.lang.Object.wait(Native Method)
 java.lang.ref.ReferenceQueue.remove(ReferenceQueue.java:144)
 com.mysql.cj.jdbc.AbandonedConnectionCleanupThread.run(AbandonedConnectionCleanupThread.java:91)
 java.util.concurrent.ThreadPoolExecutor.runWorker(ThreadPoolExecutor.java:1149)
 java.util.concurrent.ThreadPoolExecutor$Worker.run(ThreadPoolExecutor.java:624)
 java.lang.Thread.run(Thread.java:748)
03-Jun-2022 09:42:53.340 INFORMAÇÕES [http-nio-8080-exec-2] org.apache.catalina.startup.HostConfig.undeploy Undeploying context [/ProjetoLoja]
03-Jun-2022 09:42:53.354 INFORMAÇÕES [http-nio-8080-exec-3] org.apache.catalina.startup.HostConfig.deployDescriptor Deploying deployment descriptor [D:\Projetos Java\ProjetoLoja\apache-tomcat-8.5.79\conf\Catalina\localhost\ProjetoLoja.xml]
03-Jun-2022 09:42:53.553 INFORMAÇÕES [http-nio-8080-exec-3] org.apache.jasper.servlet.TldScanner.scanJars At least one JAR was scanned for TLDs yet contained no TLDs. Enable debug logging for this logger for a complete list of JARs that were scanned but no TLDs were found in them. Skipping unneeded JARs during scanning can improve startup time and JSP compilation time.
03-Jun-2022 09:42:53.556 INFORMAÇÕES [http-nio-8080-exec-3] org.apache.catalina.startup.HostConfig.deployDescriptor Deployment of deployment descriptor [D:\Projetos Java\ProjetoLoja\apache-tomcat-8.5.79\conf\Catalina\localhost\ProjetoLoja.xml] has finished in [202] ms
03-Jun-2022 09:42:53.558 INFORMAÇÕES [http-nio-8080-exec-5] org.apache.catalina.util.LifecycleBase.start The start() method was called on component [StandardEngine[Catalina].StandardHost[localhost].StandardContext[/ProjetoLoja]] after start() had already been called. The second call will be ignored.
03-Jun-2022 09:42:56.774 INFORMAÇÕES [mysql-cj-abandoned-connection-cleanup] org.apache.catalina.loader.WebappClassLoaderBase.checkStateForResourceLoading Illegal access: this web application instance has been stopped already. Could not load []. The following stack trace is thrown for debugging purposes as well as to attempt to terminate the thread which caused the illegal access.
	java.lang.IllegalStateException: Illegal access: this web application instance has been stopped already. Could not load []. The following stack trace is thrown for debugging purposes as well as to attempt to terminate the thread which caused the illegal access.
		at org.apache.catalina.loader.WebappClassLoaderBase.checkStateForResourceLoading(WebappClassLoaderBase.java:1440)
		at org.apache.catalina.loader.WebappClassLoaderBase.getResource(WebappClassLoaderBase.java:1065)
		at com.mysql.cj.jdbc.AbandonedConnectionCleanupThread.checkThreadContextClassLoader(AbandonedConnectionCleanupThread.java:123)
		at com.mysql.cj.jdbc.AbandonedConnectionCleanupThread.run(AbandonedConnectionCleanupThread.java:90)
		at java.util.concurrent.ThreadPoolExecutor.runWorker(ThreadPoolExecutor.java:1149)
		at java.util.concurrent.ThreadPoolExecutor$Worker.run(ThreadPoolExecutor.java:624)
		at java.lang.Thread.run(Thread.java:748)
03-Jun-2022 09:44:09.241 ADVERTÊNCIA [main] org.apache.catalina.core.StandardServer.await Invalid shutdown command [GET / HTTP/1.1] received
03-Jun-2022 09:44:10.258 ADVERTÊNCIA [main] org.apache.catalina.core.StandardServer.await Invalid shutdown command [GET / HTTP/1.1] received
03-Jun-2022 09:44:10.258 ADVERTÊNCIA [main] org.apache.catalina.core.StandardServer.await Invalid shutdown command [GET / HTTP/1.1] received
03-Jun-2022 09:44:10.568 ADVERTÊNCIA [main] org.apache.catalina.core.StandardServer.await Invalid shutdown command [GET / HTTP/1.1] received
03-Jun-2022 09:44:15.585 ADVERTÊNCIA [main] org.apache.catalina.core.StandardServer.await Invalid shutdown command [GET / HTTP/1.1] received
03-Jun-2022 09:44:15.897 ADVERTÊNCIA [main] org.apache.catalina.core.StandardServer.await Invalid shutdown command [GET / HTTP/1.1] received
03-Jun-2022 09:44:46.212 ADVERTÊNCIA [main] org.apache.catalina.core.StandardServer.await Invalid shutdown command [GET / HTTP/1.1] received
03-Jun-2022 09:44:56.225 ADVERTÊNCIA [main] org.apache.catalina.core.StandardServer.await An IO exception occurred trying to read the shutdown command
	java.net.SocketTimeoutException: Read timed out
		at java.net.SocketInputStream.socketRead0(Native Method)
		at java.net.SocketInputStream.socketRead(SocketInputStream.java:116)
		at java.net.SocketInputStream.read(SocketInputStream.java:171)
		at java.net.SocketInputStream.read(SocketInputStream.java:141)
		at java.net.SocketInputStream.read(SocketInputStream.java:224)
		at org.apache.catalina.core.StandardServer.await(StandardServer.java:503)
		at org.apache.catalina.startup.Catalina.await(Catalina.java:783)
		at org.apache.catalina.startup.Catalina.start(Catalina.java:729)
		at sun.reflect.NativeMethodAccessorImpl.invoke0(Native Method)
		at sun.reflect.NativeMethodAccessorImpl.invoke(NativeMethodAccessorImpl.java:62)
		at sun.reflect.DelegatingMethodAccessorImpl.invoke(DelegatingMethodAccessorImpl.java:43)
		at java.lang.reflect.Method.invoke(Method.java:498)
		at org.apache.catalina.startup.Bootstrap.start(Bootstrap.java:345)
		at org.apache.catalina.startup.Bootstrap.main(Bootstrap.java:476)
03-Jun-2022 09:44:56.225 ADVERTÊNCIA [main] org.apache.catalina.core.StandardServer.await Invalid shutdown command [] received
03-Jun-2022 09:45:06.234 ADVERTÊNCIA [main] org.apache.catalina.core.StandardServer.await An IO exception occurred trying to read the shutdown command
	java.net.SocketTimeoutException: Read timed out
		at java.net.SocketInputStream.socketRead0(Native Method)
		at java.net.SocketInputStream.socketRead(SocketInputStream.java:116)
		at java.net.SocketInputStream.read(SocketInputStream.java:171)
		at java.net.SocketInputStream.read(SocketInputStream.java:141)
		at java.net.SocketInputStream.read(SocketInputStream.java:224)
		at org.apache.catalina.core.StandardServer.await(StandardServer.java:503)
		at org.apache.catalina.startup.Catalina.await(Catalina.java:783)
		at org.apache.catalina.startup.Catalina.start(Catalina.java:729)
		at sun.reflect.NativeMethodAccessorImpl.invoke0(Native Method)
		at sun.reflect.NativeMethodAccessorImpl.invoke(NativeMethodAccessorImpl.java:62)
		at sun.reflect.DelegatingMethodAccessorImpl.invoke(DelegatingMethodAccessorImpl.java:43)
		at java.lang.reflect.Method.invoke(Method.java:498)
		at org.apache.catalina.startup.Bootstrap.start(Bootstrap.java:345)
		at org.apache.catalina.startup.Bootstrap.main(Bootstrap.java:476)
03-Jun-2022 09:45:06.234 ADVERTÊNCIA [main] org.apache.catalina.core.StandardServer.await Invalid shutdown command [] received
03-Jun-2022 09:52:01.356 INFORMAÇÕES [ContainerBackgroundProcessor[StandardEngine[Catalina]]] org.apache.catalina.users.MemoryUserDatabase.backgroundProcess Reloading memory user database [UserDatabase] from updated source [file:/D:/Projetos%20Java/ProjetoLoja/apache-tomcat-8.5.79/conf/tomcat-users.xml]
03-Jun-2022 09:55:18.147 INFORMAÇÕES [main] org.apache.catalina.core.StandardServer.await A valid shutdown command was received via the shutdown port. Stopping the Server instance.
03-Jun-2022 09:55:18.148 INFORMAÇÕES [main] org.apache.coyote.AbstractProtocol.pause Pausing ProtocolHandler ["http-nio-8080"]
03-Jun-2022 09:55:18.197 INFORMAÇÕES [main] org.apache.catalina.core.StandardService.stopInternal Stopping service [Catalina]
03-Jun-2022 09:55:18.202 ADVERTÊNCIA [localhost-startStop-2] org.apache.catalina.loader.WebappClassLoaderBase.clearReferencesJdbc The web application [ProjetoLoja] registered the JDBC driver [com.mysql.cj.jdbc.Driver] but failed to unregister it when the web application was stopped. To prevent a memory leak, the JDBC Driver has been forcibly unregistered.
03-Jun-2022 09:55:18.203 ADVERTÊNCIA [localhost-startStop-2] org.apache.catalina.loader.WebappClassLoaderBase.clearReferencesThreads The web application [ProjetoLoja] appears to have started a thread named [mysql-cj-abandoned-connection-cleanup] but has failed to stop it. This is very likely to create a memory leak. Stack trace of thread:
 java.lang.Object.wait(Native Method)
 java.lang.ref.ReferenceQueue.remove(ReferenceQueue.java:144)
 com.mysql.cj.jdbc.AbandonedConnectionCleanupThread.run(AbandonedConnectionCleanupThread.java:91)
 java.util.concurrent.ThreadPoolExecutor.runWorker(ThreadPoolExecutor.java:1149)
 java.util.concurrent.ThreadPoolExecutor$Worker.run(ThreadPoolExecutor.java:624)
 java.lang.Thread.run(Thread.java:748)
03-Jun-2022 09:55:18.207 INFORMAÇÕES [main] org.apache.coyote.AbstractProtocol.stop Stopping ProtocolHandler ["http-nio-8080"]
03-Jun-2022 09:55:18.209 INFORMAÇÕES [main] org.apache.coyote.AbstractProtocol.destroy Destroying ProtocolHandler ["http-nio-8080"]
03-Jun-2022 09:55:21.368 INFORMAÇÕES [main] org.apache.catalina.startup.VersionLoggerListener.log Server version name:   Apache Tomcat/8.5.79
03-Jun-2022 09:55:21.370 INFORMAÇÕES [main] org.apache.catalina.startup.VersionLoggerListener.log Server built:          May 16 2022 15:36:23 UTC
03-Jun-2022 09:55:21.370 INFORMAÇÕES [main] org.apache.catalina.startup.VersionLoggerListener.log Server version number: 8.5.79.0
03-Jun-2022 09:55:21.371 INFORMAÇÕES [main] org.apache.catalina.startup.VersionLoggerListener.log OS Name:               Windows 10
03-Jun-2022 09:55:21.371 INFORMAÇÕES [main] org.apache.catalina.startup.VersionLoggerListener.log OS Version:            10.0
03-Jun-2022 09:55:21.371 INFORMAÇÕES [main] org.apache.catalina.startup.VersionLoggerListener.log Architecture:          amd64
03-Jun-2022 09:55:21.371 INFORMAÇÕES [main] org.apache.catalina.startup.VersionLoggerListener.log Java Home:             C:\Program Files\Java\jdk1.8.0_3\jre
03-Jun-2022 09:55:21.371 INFORMAÇÕES [main] org.apache.catalina.startup.VersionLoggerListener.log JVM Version:           1.8.0_301-b09
03-Jun-2022 09:55:21.371 INFORMAÇÕES [main] org.apache.catalina.startup.VersionLoggerListener.log JVM Vendor:            Oracle Corporation
03-Jun-2022 09:55:21.371 INFORMAÇÕES [main] org.apache.catalina.startup.VersionLoggerListener.log CATALINA_BASE:         D:\Projetos Java\ProjetoLoja\apache-tomcat-8.5.79
03-Jun-2022 09:55:21.371 INFORMAÇÕES [main] org.apache.catalina.startup.VersionLoggerListener.log CATALINA_HOME:         D:\Projetos Java\ProjetoLoja\apache-tomcat-8.5.79
03-Jun-2022 09:55:21.371 INFORMAÇÕES [main] org.apache.catalina.startup.VersionLoggerListener.log Command line argument: -Djava.util.logging.config.file=D:\Projetos Java\ProjetoLoja\apache-tomcat-8.5.79\conf\logging.properties
03-Jun-2022 09:55:21.371 INFORMAÇÕES [main] org.apache.catalina.startup.VersionLoggerListener.log Command line argument: -Djava.util.logging.manager=org.apache.juli.ClassLoaderLogManager
03-Jun-2022 09:55:21.371 INFORMAÇÕES [main] org.apache.catalina.startup.VersionLoggerListener.log Command line argument: -Djdk.tls.ephemeralDHKeySize=2048
03-Jun-2022 09:55:21.371 INFORMAÇÕES [main] org.apache.catalina.startup.VersionLoggerListener.log Command line argument: -Djava.protocol.handler.pkgs=org.apache.catalina.webresources
03-Jun-2022 09:55:21.371 INFORMAÇÕES [main] org.apache.catalina.startup.VersionLoggerListener.log Command line argument: -Dignore.endorsed.dirs=
03-Jun-2022 09:55:21.371 INFORMAÇÕES [main] org.apache.catalina.startup.VersionLoggerListener.log Command line argument: -Dcatalina.base=D:\Projetos Java\ProjetoLoja\apache-tomcat-8.5.79
03-Jun-2022 09:55:21.371 INFORMAÇÕES [main] org.apache.catalina.startup.VersionLoggerListener.log Command line argument: -Dcatalina.home=D:\Projetos Java\ProjetoLoja\apache-tomcat-8.5.79
03-Jun-2022 09:55:21.371 INFORMAÇÕES [main] org.apache.catalina.startup.VersionLoggerListener.log Command line argument: -Djava.io.tmpdir=D:\Projetos Java\ProjetoLoja\apache-tomcat-8.5.79\temp
03-Jun-2022 09:55:21.371 INFORMAÇÕES [main] org.apache.catalina.core.AprLifecycleListener.lifecycleEvent Loaded Apache Tomcat Native library [1.2.33] using APR version [1.7.0].
03-Jun-2022 09:55:21.371 INFORMAÇÕES [main] org.apache.catalina.core.AprLifecycleListener.lifecycleEvent APR capabilities: IPv6 [true], sendfile [true], accept filters [false], random [true], UDS [{4}].
03-Jun-2022 09:55:21.371 INFORMAÇÕES [main] org.apache.catalina.core.AprLifecycleListener.lifecycleEvent APR/OpenSSL configuration: useAprConnector [false], useOpenSSL [true]
03-Jun-2022 09:55:21.375 INFORMAÇÕES [main] org.apache.catalina.core.AprLifecycleListener.initializeSSL OpenSSL successfully initialized [OpenSSL 1.1.1o  3 May 2022]
03-Jun-2022 09:55:21.470 INFORMAÇÕES [main] org.apache.coyote.AbstractProtocol.init Initializing ProtocolHandler ["http-nio-8080"]
03-Jun-2022 09:55:21.486 INFORMAÇÕES [main] org.apache.catalina.startup.Catalina.load Initialization processed in 345 ms
03-Jun-2022 09:55:21.537 INFORMAÇÕES [main] org.apache.catalina.core.StandardService.startInternal Starting service [Catalina]
03-Jun-2022 09:55:21.538 INFORMAÇÕES [main] org.apache.catalina.core.StandardEngine.startInternal Starting Servlet engine: [Apache Tomcat/8.5.79]
03-Jun-2022 09:55:21.543 INFORMAÇÕES [localhost-startStop-1] org.apache.catalina.startup.HostConfig.deployDescriptor Deploying deployment descriptor [D:\Projetos Java\ProjetoLoja\apache-tomcat-8.5.79\conf\Catalina\localhost\ProjetoLoja.xml]
03-Jun-2022 09:55:21.911 INFORMAÇÕES [localhost-startStop-1] org.apache.jasper.servlet.TldScanner.scanJars At least one JAR was scanned for TLDs yet contained no TLDs. Enable debug logging for this logger for a complete list of JARs that were scanned but no TLDs were found in them. Skipping unneeded JARs during scanning can improve startup time and JSP compilation time.
03-Jun-2022 09:55:22.004 INFORMAÇÕES [localhost-startStop-1] org.apache.catalina.startup.HostConfig.deployDescriptor Deployment of deployment descriptor [D:\Projetos Java\ProjetoLoja\apache-tomcat-8.5.79\conf\Catalina\localhost\ProjetoLoja.xml] has finished in [461] ms
03-Jun-2022 09:55:22.005 INFORMAÇÕES [localhost-startStop-1] org.apache.catalina.startup.HostConfig.deployDirectory Deploying web application directory [D:\Projetos Java\ProjetoLoja\apache-tomcat-8.5.79\webapps\docs]
03-Jun-2022 09:55:22.017 INFORMAÇÕES [localhost-startStop-1] org.apache.catalina.startup.HostConfig.deployDirectory Deployment of web application directory [D:\Projetos Java\ProjetoLoja\apache-tomcat-8.5.79\webapps\docs] has finished in [12] ms
03-Jun-2022 09:55:22.017 INFORMAÇÕES [localhost-startStop-1] org.apache.catalina.startup.HostConfig.deployDirectory Deploying web application directory [D:\Projetos Java\ProjetoLoja\apache-tomcat-8.5.79\webapps\examples]
03-Jun-2022 09:55:22.197 INFORMAÇÕES [localhost-startStop-1] org.apache.catalina.startup.HostConfig.deployDirectory Deployment of web application directory [D:\Projetos Java\ProjetoLoja\apache-tomcat-8.5.79\webapps\examples] has finished in [180] ms
03-Jun-2022 09:55:22.197 INFORMAÇÕES [localhost-startStop-1] org.apache.catalina.startup.HostConfig.deployDirectory Deploying web application directory [D:\Projetos Java\ProjetoLoja\apache-tomcat-8.5.79\webapps\host-manager]
03-Jun-2022 09:55:22.215 INFORMAÇÕES [localhost-startStop-1] org.apache.catalina.startup.HostConfig.deployDirectory Deployment of web application directory [D:\Projetos Java\ProjetoLoja\apache-tomcat-8.5.79\webapps\host-manager] has finished in [18] ms
03-Jun-2022 09:55:22.216 INFORMAÇÕES [localhost-startStop-1] org.apache.catalina.startup.HostConfig.deployDirectory Deploying web application directory [D:\Projetos Java\ProjetoLoja\apache-tomcat-8.5.79\webapps\manager]
03-Jun-2022 09:55:22.240 INFORMAÇÕES [localhost-startStop-1] org.apache.catalina.startup.HostConfig.deployDirectory Deployment of web application directory [D:\Projetos Java\ProjetoLoja\apache-tomcat-8.5.79\webapps\manager] has finished in [24] ms
03-Jun-2022 09:55:22.240 INFORMAÇÕES [localhost-startStop-1] org.apache.catalina.startup.HostConfig.deployDirectory Deploying web application directory [D:\Projetos Java\ProjetoLoja\apache-tomcat-8.5.79\webapps\ROOT]
03-Jun-2022 09:55:22.252 INFORMAÇÕES [localhost-startStop-1] org.apache.catalina.startup.HostConfig.deployDirectory Deployment of web application directory [D:\Projetos Java\ProjetoLoja\apache-tomcat-8.5.79\webapps\ROOT] has finished in [12] ms
03-Jun-2022 09:55:22.253 INFORMAÇÕES [main] org.apache.coyote.AbstractProtocol.start Starting ProtocolHandler ["http-nio-8080"]
03-Jun-2022 09:55:22.263 INFORMAÇÕES [main] org.apache.catalina.startup.Catalina.start Server startup in 776 ms
03-Jun-2022 09:56:02.486 INFORMAÇÕES [main] org.apache.catalina.core.StandardServer.await A valid shutdown command was received via the shutdown port. Stopping the Server instance.
03-Jun-2022 09:56:02.487 INFORMAÇÕES [main] org.apache.coyote.AbstractProtocol.pause Pausing ProtocolHandler ["http-nio-8080"]
03-Jun-2022 09:56:02.537 INFORMAÇÕES [main] org.apache.catalina.core.StandardService.stopInternal Stopping service [Catalina]
03-Jun-2022 09:56:02.552 INFORMAÇÕES [main] org.apache.coyote.AbstractProtocol.stop Stopping ProtocolHandler ["http-nio-8080"]
03-Jun-2022 09:56:02.568 INFORMAÇÕES [main] org.apache.coyote.AbstractProtocol.destroy Destroying ProtocolHandler ["http-nio-8080"]
03-Jun-2022 09:56:12.586 INFORMAÇÕES [main] org.apache.catalina.startup.VersionLoggerListener.log Server version name:   Apache Tomcat/8.5.79
03-Jun-2022 09:56:12.588 INFORMAÇÕES [main] org.apache.catalina.startup.VersionLoggerListener.log Server built:          May 16 2022 15:36:23 UTC
03-Jun-2022 09:56:12.588 INFORMAÇÕES [main] org.apache.catalina.startup.VersionLoggerListener.log Server version number: 8.5.79.0
03-Jun-2022 09:56:12.589 INFORMAÇÕES [main] org.apache.catalina.startup.VersionLoggerListener.log OS Name:               Windows 10
03-Jun-2022 09:56:12.589 INFORMAÇÕES [main] org.apache.catalina.startup.VersionLoggerListener.log OS Version:            10.0
03-Jun-2022 09:56:12.589 INFORMAÇÕES [main] org.apache.catalina.startup.VersionLoggerListener.log Architecture:          amd64
03-Jun-2022 09:56:12.589 INFORMAÇÕES [main] org.apache.catalina.startup.VersionLoggerListener.log Java Home:             C:\Program Files\Java\jdk1.8.0_3\jre
03-Jun-2022 09:56:12.589 INFORMAÇÕES [main] org.apache.catalina.startup.VersionLoggerListener.log JVM Version:           1.8.0_301-b09
03-Jun-2022 09:56:12.589 INFORMAÇÕES [main] org.apache.catalina.startup.VersionLoggerListener.log JVM Vendor:            Oracle Corporation
03-Jun-2022 09:56:12.589 INFORMAÇÕES [main] org.apache.catalina.startup.VersionLoggerListener.log CATALINA_BASE:         D:\Projetos Java\ProjetoLoja\apache-tomcat-8.5.79
03-Jun-2022 09:56:12.589 INFORMAÇÕES [main] org.apache.catalina.startup.VersionLoggerListener.log CATALINA_HOME:         D:\Projetos Java\ProjetoLoja\apache-tomcat-8.5.79
03-Jun-2022 09:56:12.589 INFORMAÇÕES [main] org.apache.catalina.startup.VersionLoggerListener.log Command line argument: -Djava.util.logging.config.file=D:\Projetos Java\ProjetoLoja\apache-tomcat-8.5.79\conf\logging.properties
03-Jun-2022 09:56:12.589 INFORMAÇÕES [main] org.apache.catalina.startup.VersionLoggerListener.log Command line argument: -Djava.util.logging.manager=org.apache.juli.ClassLoaderLogManager
03-Jun-2022 09:56:12.589 INFORMAÇÕES [main] org.apache.catalina.startup.VersionLoggerListener.log Command line argument: -Djdk.tls.ephemeralDHKeySize=2048
03-Jun-2022 09:56:12.589 INFORMAÇÕES [main] org.apache.catalina.startup.VersionLoggerListener.log Command line argument: -Djava.protocol.handler.pkgs=org.apache.catalina.webresources
03-Jun-2022 09:56:12.590 INFORMAÇÕES [main] org.apache.catalina.startup.VersionLoggerListener.log Command line argument: -Dignore.endorsed.dirs=
03-Jun-2022 09:56:12.590 INFORMAÇÕES [main] org.apache.catalina.startup.VersionLoggerListener.log Command line argument: -Dcatalina.base=D:\Projetos Java\ProjetoLoja\apache-tomcat-8.5.79
03-Jun-2022 09:56:12.590 INFORMAÇÕES [main] org.apache.catalina.startup.VersionLoggerListener.log Command line argument: -Dcatalina.home=D:\Projetos Java\ProjetoLoja\apache-tomcat-8.5.79
03-Jun-2022 09:56:12.590 INFORMAÇÕES [main] org.apache.catalina.startup.VersionLoggerListener.log Command line argument: -Djava.io.tmpdir=D:\Projetos Java\ProjetoLoja\apache-tomcat-8.5.79\temp
03-Jun-2022 09:56:12.590 INFORMAÇÕES [main] org.apache.catalina.core.AprLifecycleListener.lifecycleEvent Loaded Apache Tomcat Native library [1.2.33] using APR version [1.7.0].
03-Jun-2022 09:56:12.590 INFORMAÇÕES [main] org.apache.catalina.core.AprLifecycleListener.lifecycleEvent APR capabilities: IPv6 [true], sendfile [true], accept filters [false], random [true], UDS [{4}].
03-Jun-2022 09:56:12.590 INFORMAÇÕES [main] org.apache.catalina.core.AprLifecycleListener.lifecycleEvent APR/OpenSSL configuration: useAprConnector [false], useOpenSSL [true]
03-Jun-2022 09:56:12.594 INFORMAÇÕES [main] org.apache.catalina.core.AprLifecycleListener.initializeSSL OpenSSL successfully initialized [OpenSSL 1.1.1o  3 May 2022]
03-Jun-2022 09:56:12.686 INFORMAÇÕES [main] org.apache.coyote.AbstractProtocol.init Initializing ProtocolHandler ["http-nio-8081"]
03-Jun-2022 09:56:12.702 INFORMAÇÕES [main] org.apache.catalina.startup.Catalina.load Initialization processed in 353 ms
03-Jun-2022 09:56:12.750 INFORMAÇÕES [main] org.apache.catalina.core.StandardService.startInternal Starting service [Catalina]
03-Jun-2022 09:56:12.750 INFORMAÇÕES [main] org.apache.catalina.core.StandardEngine.startInternal Starting Servlet engine: [Apache Tomcat/8.5.79]
03-Jun-2022 09:56:12.756 INFORMAÇÕES [localhost-startStop-1] org.apache.catalina.startup.HostConfig.deployDescriptor Deploying deployment descriptor [D:\Projetos Java\ProjetoLoja\apache-tomcat-8.5.79\conf\Catalina\localhost\ProjetoLoja.xml]
03-Jun-2022 09:56:13.127 INFORMAÇÕES [localhost-startStop-1] org.apache.jasper.servlet.TldScanner.scanJars At least one JAR was scanned for TLDs yet contained no TLDs. Enable debug logging for this logger for a complete list of JARs that were scanned but no TLDs were found in them. Skipping unneeded JARs during scanning can improve startup time and JSP compilation time.
03-Jun-2022 09:56:13.219 INFORMAÇÕES [localhost-startStop-1] org.apache.catalina.startup.HostConfig.deployDescriptor Deployment of deployment descriptor [D:\Projetos Java\ProjetoLoja\apache-tomcat-8.5.79\conf\Catalina\localhost\ProjetoLoja.xml] has finished in [463] ms
03-Jun-2022 09:56:13.219 INFORMAÇÕES [localhost-startStop-1] org.apache.catalina.startup.HostConfig.deployDirectory Deploying web application directory [D:\Projetos Java\ProjetoLoja\apache-tomcat-8.5.79\webapps\docs]
03-Jun-2022 09:56:13.232 INFORMAÇÕES [localhost-startStop-1] org.apache.catalina.startup.HostConfig.deployDirectory Deployment of web application directory [D:\Projetos Java\ProjetoLoja\apache-tomcat-8.5.79\webapps\docs] has finished in [13] ms
03-Jun-2022 09:56:13.233 INFORMAÇÕES [localhost-startStop-1] org.apache.catalina.startup.HostConfig.deployDirectory Deploying web application directory [D:\Projetos Java\ProjetoLoja\apache-tomcat-8.5.79\webapps\examples]
03-Jun-2022 09:56:13.412 INFORMAÇÕES [localhost-startStop-1] org.apache.catalina.startup.HostConfig.deployDirectory Deployment of web application directory [D:\Projetos Java\ProjetoLoja\apache-tomcat-8.5.79\webapps\examples] has finished in [179] ms
03-Jun-2022 09:56:13.412 INFORMAÇÕES [localhost-startStop-1] org.apache.catalina.startup.HostConfig.deployDirectory Deploying web application directory [D:\Projetos Java\ProjetoLoja\apache-tomcat-8.5.79\webapps\host-manager]
03-Jun-2022 09:56:13.429 INFORMAÇÕES [localhost-startStop-1] org.apache.catalina.startup.HostConfig.deployDirectory Deployment of web application directory [D:\Projetos Java\ProjetoLoja\apache-tomcat-8.5.79\webapps\host-manager] has finished in [17] ms
03-Jun-2022 09:56:13.429 INFORMAÇÕES [localhost-startStop-1] org.apache.catalina.startup.HostConfig.deployDirectory Deploying web application directory [D:\Projetos Java\ProjetoLoja\apache-tomcat-8.5.79\webapps\manager]
03-Jun-2022 09:56:13.452 INFORMAÇÕES [localhost-startStop-1] org.apache.catalina.startup.HostConfig.deployDirectory Deployment of web application directory [D:\Projetos Java\ProjetoLoja\apache-tomcat-8.5.79\webapps\manager] has finished in [23] ms
03-Jun-2022 09:56:13.452 INFORMAÇÕES [localhost-startStop-1] org.apache.catalina.startup.HostConfig.deployDirectory Deploying web application directory [D:\Projetos Java\ProjetoLoja\apache-tomcat-8.5.79\webapps\ROOT]
03-Jun-2022 09:56:13.465 INFORMAÇÕES [localhost-startStop-1] org.apache.catalina.startup.HostConfig.deployDirectory Deployment of web application directory [D:\Projetos Java\ProjetoLoja\apache-tomcat-8.5.79\webapps\ROOT] has finished in [13] ms
03-Jun-2022 09:56:13.466 INFORMAÇÕES [main] org.apache.coyote.AbstractProtocol.start Starting ProtocolHandler ["http-nio-8081"]
03-Jun-2022 09:56:13.476 INFORMAÇÕES [main] org.apache.catalina.startup.Catalina.start Server startup in 773 ms
03-Jun-2022 10:18:33.471 INFORMAÇÕES [main] org.apache.catalina.core.StandardServer.await A valid shutdown command was received via the shutdown port. Stopping the Server instance.
03-Jun-2022 10:18:33.472 INFORMAÇÕES [main] org.apache.coyote.AbstractProtocol.pause Pausing ProtocolHandler ["http-nio-8081"]
03-Jun-2022 10:18:33.527 INFORMAÇÕES [main] org.apache.catalina.core.StandardService.stopInternal Stopping service [Catalina]
03-Jun-2022 10:18:33.540 INFORMAÇÕES [main] org.apache.coyote.AbstractProtocol.stop Stopping ProtocolHandler ["http-nio-8081"]
03-Jun-2022 10:18:33.562 INFORMAÇÕES [main] org.apache.coyote.AbstractProtocol.destroy Destroying ProtocolHandler ["http-nio-8081"]
