04-Jun-2022 19:04:45.349 INFORMAÇÕES [localhost-startStop-1] org.apache.catalina.core.ApplicationContext.log ContextListener: contextInitialized()
04-Jun-2022 19:04:45.349 INFORMAÇÕES [localhost-startStop-1] org.apache.catalina.core.ApplicationContext.log SessionListener: contextInitialized()
04-Jun-2022 19:04:45.350 INFORMAÇÕES [localhost-startStop-1] org.apache.catalina.core.ApplicationContext.log ContextListener: attributeAdded('StockTicker', 'async.Stockticker@4a6de131')
04-Jun-2022 19:39:06.776 GRAVE [http-nio-8081-exec-27] org.apache.catalina.core.StandardWrapperValve.invoke Servlet.service() for servlet [jsp] in context with path [/ProjetoLoja] threw exception [Unable to compile class for JSP: 

An error occurred at line: [46] in the jsp file: [/fornecedor/listarFornecedor.jsp]
voltar cannot be resolved to a variable
43:             <%
44:             try {
45:             
46:             if(voltar != 1){
47:                  System.out.println(voltar);
48:                  out.print("<button type=\"" + "submit\"" + "><a href=\"" + "/ProjetoLoja/produtos/listarProdutos.jsp\"" + ">Voltar</a></button>");
49:              }else{


An error occurred at line: [47] in the jsp file: [/fornecedor/listarFornecedor.jsp]
voltar cannot be resolved to a variable
44:             try {
45:             
46:             if(voltar != 1){
47:                  System.out.println(voltar);
48:                  out.print("<button type=\"" + "submit\"" + "><a href=\"" + "/ProjetoLoja/produtos/listarProdutos.jsp\"" + ">Voltar</a></button>");
49:              }else{
50:                  System.out.println(voltar);


An error occurred at line: [50] in the jsp file: [/fornecedor/listarFornecedor.jsp]
voltar cannot be resolved to a variable
47:                  System.out.println(voltar);
48:                  out.print("<button type=\"" + "submit\"" + "><a href=\"" + "/ProjetoLoja/produtos/listarProdutos.jsp\"" + ">Voltar</a></button>");
49:              }else{
50:                  System.out.println(voltar);
51:                  out.print("<button type=\"" + "submit\"" + "><a href=\"" + "fornecedor.jsp\"" + ">Voltar</a></button>");
52:              }      
53:             } catch (Exception e) {


Stacktrace:] with root cause
	org.apache.jasper.JasperException: Unable to compile class for JSP: 

An error occurred at line: [46] in the jsp file: [/fornecedor/listarFornecedor.jsp]
voltar cannot be resolved to a variable
43:             <%
44:             try {
45:             
46:             if(voltar != 1){
47:                  System.out.println(voltar);
48:                  out.print("<button type=\"" + "submit\"" + "><a href=\"" + "/ProjetoLoja/produtos/listarProdutos.jsp\"" + ">Voltar</a></button>");
49:              }else{


An error occurred at line: [47] in the jsp file: [/fornecedor/listarFornecedor.jsp]
voltar cannot be resolved to a variable
44:             try {
45:             
46:             if(voltar != 1){
47:                  System.out.println(voltar);
48:                  out.print("<button type=\"" + "submit\"" + "><a href=\"" + "/ProjetoLoja/produtos/listarProdutos.jsp\"" + ">Voltar</a></button>");
49:              }else{
50:                  System.out.println(voltar);


An error occurred at line: [50] in the jsp file: [/fornecedor/listarFornecedor.jsp]
voltar cannot be resolved to a variable
47:                  System.out.println(voltar);
48:                  out.print("<button type=\"" + "submit\"" + "><a href=\"" + "/ProjetoLoja/produtos/listarProdutos.jsp\"" + ">Voltar</a></button>");
49:              }else{
50:                  System.out.println(voltar);
51:                  out.print("<button type=\"" + "submit\"" + "><a href=\"" + "fornecedor.jsp\"" + ">Voltar</a></button>");
52:              }      
53:             } catch (Exception e) {


Stacktrace:
		at org.apache.jasper.compiler.DefaultErrorHandler.javacError(DefaultErrorHandler.java:102)
		at org.apache.jasper.compiler.ErrorDispatcher.javacError(ErrorDispatcher.java:213)
		at org.apache.jasper.compiler.JDTCompiler.generateClass(JDTCompiler.java:569)
		at org.apache.jasper.compiler.Compiler.compile(Compiler.java:380)
		at org.apache.jasper.compiler.Compiler.compile(Compiler.java:350)
		at org.apache.jasper.compiler.Compiler.compile(Compiler.java:334)
		at org.apache.jasper.JspCompilationContext.compile(JspCompilationContext.java:597)
		at org.apache.jasper.servlet.JspServletWrapper.service(JspServletWrapper.java:398)
		at org.apache.jasper.servlet.JspServlet.serviceJspFile(JspServlet.java:383)
		at org.apache.jasper.servlet.JspServlet.service(JspServlet.java:331)
		at javax.servlet.http.HttpServlet.service(HttpServlet.java:764)
		at org.apache.catalina.core.ApplicationFilterChain.internalDoFilter(ApplicationFilterChain.java:231)
		at org.apache.catalina.core.ApplicationFilterChain.doFilter(ApplicationFilterChain.java:166)
		at org.apache.tomcat.websocket.server.WsFilter.doFilter(WsFilter.java:52)
		at org.apache.catalina.core.ApplicationFilterChain.internalDoFilter(ApplicationFilterChain.java:193)
		at org.apache.catalina.core.ApplicationFilterChain.doFilter(ApplicationFilterChain.java:166)
		at org.apache.catalina.core.StandardWrapperValve.invoke(StandardWrapperValve.java:197)
		at org.apache.catalina.core.StandardContextValve.invoke(StandardContextValve.java:97)
		at org.apache.catalina.authenticator.AuthenticatorBase.invoke(AuthenticatorBase.java:543)
		at org.apache.catalina.core.StandardHostValve.invoke(StandardHostValve.java:135)
		at org.apache.catalina.valves.ErrorReportValve.invoke(ErrorReportValve.java:92)
		at org.apache.catalina.valves.AbstractAccessLogValve.invoke(AbstractAccessLogValve.java:698)
		at org.apache.catalina.core.StandardEngineValve.invoke(StandardEngineValve.java:78)
		at org.apache.catalina.connector.CoyoteAdapter.service(CoyoteAdapter.java:367)
		at org.apache.coyote.http11.Http11Processor.service(Http11Processor.java:639)
		at org.apache.coyote.AbstractProcessorLight.process(AbstractProcessorLight.java:65)
		at org.apache.coyote.AbstractProtocol$ConnectionHandler.process(AbstractProtocol.java:882)
		at org.apache.tomcat.util.net.NioEndpoint$SocketProcessor.doRun(NioEndpoint.java:1647)
		at org.apache.tomcat.util.net.SocketProcessorBase.run(SocketProcessorBase.java:49)
		at org.apache.tomcat.util.threads.ThreadPoolExecutor.runWorker(ThreadPoolExecutor.java:1191)
		at org.apache.tomcat.util.threads.ThreadPoolExecutor$Worker.run(ThreadPoolExecutor.java:659)
		at org.apache.tomcat.util.threads.TaskThread$WrappingRunnable.run(TaskThread.java:61)
		at java.lang.Thread.run(Thread.java:748)
04-Jun-2022 19:39:12.257 GRAVE [http-nio-8081-exec-21] org.apache.catalina.core.StandardWrapperValve.invoke Servlet.service() for servlet [jsp] in context with path [/ProjetoLoja] threw exception [Unable to compile class for JSP: 

An error occurred at line: [46] in the jsp file: [/fornecedor/listarFornecedor.jsp]
voltar cannot be resolved to a variable
43:             <%
44:             try {
45:             
46:             if(voltar != 1){
47:                  System.out.println(voltar);
48:                  out.print("<button type=\"" + "submit\"" + "><a href=\"" + "/ProjetoLoja/produtos/listarProdutos.jsp\"" + ">Voltar</a></button>");
49:              }else{


An error occurred at line: [47] in the jsp file: [/fornecedor/listarFornecedor.jsp]
voltar cannot be resolved to a variable
44:             try {
45:             
46:             if(voltar != 1){
47:                  System.out.println(voltar);
48:                  out.print("<button type=\"" + "submit\"" + "><a href=\"" + "/ProjetoLoja/produtos/listarProdutos.jsp\"" + ">Voltar</a></button>");
49:              }else{
50:                  System.out.println(voltar);


An error occurred at line: [50] in the jsp file: [/fornecedor/listarFornecedor.jsp]
voltar cannot be resolved to a variable
47:                  System.out.println(voltar);
48:                  out.print("<button type=\"" + "submit\"" + "><a href=\"" + "/ProjetoLoja/produtos/listarProdutos.jsp\"" + ">Voltar</a></button>");
49:              }else{
50:                  System.out.println(voltar);
51:                  out.print("<button type=\"" + "submit\"" + "><a href=\"" + "fornecedor.jsp\"" + ">Voltar</a></button>");
52:              }      
53:             } catch (Exception e) {


Stacktrace:] with root cause
	org.apache.jasper.JasperException: Unable to compile class for JSP: 

An error occurred at line: [46] in the jsp file: [/fornecedor/listarFornecedor.jsp]
voltar cannot be resolved to a variable
43:             <%
44:             try {
45:             
46:             if(voltar != 1){
47:                  System.out.println(voltar);
48:                  out.print("<button type=\"" + "submit\"" + "><a href=\"" + "/ProjetoLoja/produtos/listarProdutos.jsp\"" + ">Voltar</a></button>");
49:              }else{


An error occurred at line: [47] in the jsp file: [/fornecedor/listarFornecedor.jsp]
voltar cannot be resolved to a variable
44:             try {
45:             
46:             if(voltar != 1){
47:                  System.out.println(voltar);
48:                  out.print("<button type=\"" + "submit\"" + "><a href=\"" + "/ProjetoLoja/produtos/listarProdutos.jsp\"" + ">Voltar</a></button>");
49:              }else{
50:                  System.out.println(voltar);


An error occurred at line: [50] in the jsp file: [/fornecedor/listarFornecedor.jsp]
voltar cannot be resolved to a variable
47:                  System.out.println(voltar);
48:                  out.print("<button type=\"" + "submit\"" + "><a href=\"" + "/ProjetoLoja/produtos/listarProdutos.jsp\"" + ">Voltar</a></button>");
49:              }else{
50:                  System.out.println(voltar);
51:                  out.print("<button type=\"" + "submit\"" + "><a href=\"" + "fornecedor.jsp\"" + ">Voltar</a></button>");
52:              }      
53:             } catch (Exception e) {


Stacktrace:
		at org.apache.jasper.compiler.DefaultErrorHandler.javacError(DefaultErrorHandler.java:102)
		at org.apache.jasper.compiler.ErrorDispatcher.javacError(ErrorDispatcher.java:213)
		at org.apache.jasper.compiler.JDTCompiler.generateClass(JDTCompiler.java:569)
		at org.apache.jasper.compiler.Compiler.compile(Compiler.java:380)
		at org.apache.jasper.compiler.Compiler.compile(Compiler.java:350)
		at org.apache.jasper.compiler.Compiler.compile(Compiler.java:334)
		at org.apache.jasper.JspCompilationContext.compile(JspCompilationContext.java:597)
		at org.apache.jasper.servlet.JspServletWrapper.service(JspServletWrapper.java:398)
		at org.apache.jasper.servlet.JspServlet.serviceJspFile(JspServlet.java:383)
		at org.apache.jasper.servlet.JspServlet.service(JspServlet.java:331)
		at javax.servlet.http.HttpServlet.service(HttpServlet.java:764)
		at org.apache.catalina.core.ApplicationFilterChain.internalDoFilter(ApplicationFilterChain.java:231)
		at org.apache.catalina.core.ApplicationFilterChain.doFilter(ApplicationFilterChain.java:166)
		at org.apache.tomcat.websocket.server.WsFilter.doFilter(WsFilter.java:52)
		at org.apache.catalina.core.ApplicationFilterChain.internalDoFilter(ApplicationFilterChain.java:193)
		at org.apache.catalina.core.ApplicationFilterChain.doFilter(ApplicationFilterChain.java:166)
		at org.apache.catalina.core.StandardWrapperValve.invoke(StandardWrapperValve.java:197)
		at org.apache.catalina.core.StandardContextValve.invoke(StandardContextValve.java:97)
		at org.apache.catalina.authenticator.AuthenticatorBase.invoke(AuthenticatorBase.java:543)
		at org.apache.catalina.core.StandardHostValve.invoke(StandardHostValve.java:135)
		at org.apache.catalina.valves.ErrorReportValve.invoke(ErrorReportValve.java:92)
		at org.apache.catalina.valves.AbstractAccessLogValve.invoke(AbstractAccessLogValve.java:698)
		at org.apache.catalina.core.StandardEngineValve.invoke(StandardEngineValve.java:78)
		at org.apache.catalina.connector.CoyoteAdapter.service(CoyoteAdapter.java:367)
		at org.apache.coyote.http11.Http11Processor.service(Http11Processor.java:639)
		at org.apache.coyote.AbstractProcessorLight.process(AbstractProcessorLight.java:65)
		at org.apache.coyote.AbstractProtocol$ConnectionHandler.process(AbstractProtocol.java:882)
		at org.apache.tomcat.util.net.NioEndpoint$SocketProcessor.doRun(NioEndpoint.java:1647)
		at org.apache.tomcat.util.net.SocketProcessorBase.run(SocketProcessorBase.java:49)
		at org.apache.tomcat.util.threads.ThreadPoolExecutor.runWorker(ThreadPoolExecutor.java:1191)
		at org.apache.tomcat.util.threads.ThreadPoolExecutor$Worker.run(ThreadPoolExecutor.java:659)
		at org.apache.tomcat.util.threads.TaskThread$WrappingRunnable.run(TaskThread.java:61)
		at java.lang.Thread.run(Thread.java:748)
04-Jun-2022 20:02:19.104 INFORMAÇÕES [localhost-startStop-2] org.apache.catalina.core.ApplicationContext.log SessionListener: contextDestroyed()
04-Jun-2022 20:02:19.104 INFORMAÇÕES [localhost-startStop-2] org.apache.catalina.core.ApplicationContext.log ContextListener: contextDestroyed()
04-Jun-2022 20:02:23.182 INFORMAÇÕES [localhost-startStop-1] org.apache.catalina.core.ApplicationContext.log ContextListener: contextInitialized()
04-Jun-2022 20:02:23.182 INFORMAÇÕES [localhost-startStop-1] org.apache.catalina.core.ApplicationContext.log SessionListener: contextInitialized()
04-Jun-2022 20:02:23.183 INFORMAÇÕES [localhost-startStop-1] org.apache.catalina.core.ApplicationContext.log ContextListener: attributeAdded('StockTicker', 'async.Stockticker@5e70e266')
04-Jun-2022 20:15:53.710 INFORMAÇÕES [localhost-startStop-2] org.apache.catalina.core.ApplicationContext.log SessionListener: contextDestroyed()
04-Jun-2022 20:15:53.710 INFORMAÇÕES [localhost-startStop-2] org.apache.catalina.core.ApplicationContext.log ContextListener: contextDestroyed()
04-Jun-2022 20:17:37.476 INFORMAÇÕES [localhost-startStop-1] org.apache.catalina.core.ApplicationContext.log ContextListener: contextInitialized()
04-Jun-2022 20:17:37.476 INFORMAÇÕES [localhost-startStop-1] org.apache.catalina.core.ApplicationContext.log SessionListener: contextInitialized()
04-Jun-2022 20:17:37.477 INFORMAÇÕES [localhost-startStop-1] org.apache.catalina.core.ApplicationContext.log ContextListener: attributeAdded('StockTicker', 'async.Stockticker@b68d135')
04-Jun-2022 20:17:58.324 INFORMAÇÕES [localhost-startStop-2] org.apache.catalina.core.ApplicationContext.log SessionListener: contextDestroyed()
04-Jun-2022 20:17:58.324 INFORMAÇÕES [localhost-startStop-2] org.apache.catalina.core.ApplicationContext.log ContextListener: contextDestroyed()
