04-Jun-2022 19:04:47.798 INFORMAÇÕES [http-nio-8081-exec-4] org.apache.catalina.core.ApplicationContext.log Manager: init: Associated with Deployer 'Catalina:type=Deployer,host=localhost'
04-Jun-2022 19:04:47.798 INFORMAÇÕES [http-nio-8081-exec-4] org.apache.catalina.core.ApplicationContext.log Manager: init: Global resources are available
04-Jun-2022 19:04:48.222 INFORMAÇÕES [http-nio-8081-exec-7] org.apache.catalina.core.ApplicationContext.log Manager: list: Listing contexts for virtual host 'localhost'
04-Jun-2022 19:04:48.226 INFORMAÇÕES [http-nio-8081-exec-8] org.apache.catalina.core.ApplicationContext.log Manager: list: Listing contexts for virtual host 'localhost'
04-Jun-2022 19:04:48.245 INFORMAÇÕES [http-nio-8081-exec-9] org.apache.catalina.core.ApplicationContext.log Manager: undeploy: Undeploying web application at '/ProjetoLoja'
04-Jun-2022 19:04:48.801 INFORMAÇÕES [http-nio-8081-exec-8] org.apache.catalina.core.ApplicationContext.log Manager: install: Installing context configuration at 'file:/C:/Users/lucas/AppData/Local/Temp/context9130601515219011745.xml'
04-Jun-2022 19:04:49.036 INFORMAÇÕES [http-nio-8081-exec-7] org.apache.catalina.core.ApplicationContext.log Manager: start: Starting web application '/ProjetoLoja'
04-Jun-2022 19:05:17.473 INFORMAÇÕES [http-nio-8081-exec-11] org.apache.catalina.core.ApplicationContext.log Manager: list: Listing contexts for virtual host 'localhost'
04-Jun-2022 19:05:17.475 INFORMAÇÕES [http-nio-8081-exec-17] org.apache.catalina.core.ApplicationContext.log Manager: list: Listing contexts for virtual host 'localhost'
04-Jun-2022 19:20:41.130 INFORMAÇÕES [http-nio-8081-exec-17] org.apache.catalina.core.ApplicationContext.log Manager: list: Listing contexts for virtual host 'localhost'
04-Jun-2022 19:21:27.439 INFORMAÇÕES [http-nio-8081-exec-14] org.apache.catalina.core.ApplicationContext.log Manager: list: Listing contexts for virtual host 'localhost'
04-Jun-2022 19:22:02.899 INFORMAÇÕES [http-nio-8081-exec-11] org.apache.catalina.core.ApplicationContext.log Manager: list: Listing contexts for virtual host 'localhost'
04-Jun-2022 19:22:50.879 INFORMAÇÕES [http-nio-8081-exec-19] org.apache.catalina.core.ApplicationContext.log Manager: list: Listing contexts for virtual host 'localhost'
04-Jun-2022 19:23:50.843 INFORMAÇÕES [http-nio-8081-exec-15] org.apache.catalina.core.ApplicationContext.log Manager: list: Listing contexts for virtual host 'localhost'
04-Jun-2022 19:24:13.333 INFORMAÇÕES [http-nio-8081-exec-14] org.apache.catalina.core.ApplicationContext.log Manager: list: Listing contexts for virtual host 'localhost'
04-Jun-2022 19:24:18.938 INFORMAÇÕES [http-nio-8081-exec-17] org.apache.catalina.core.ApplicationContext.log Manager: list: Listing contexts for virtual host 'localhost'
04-Jun-2022 19:24:45.651 INFORMAÇÕES [http-nio-8081-exec-14] org.apache.catalina.core.ApplicationContext.log Manager: list: Listing contexts for virtual host 'localhost'
04-Jun-2022 19:25:08.073 INFORMAÇÕES [http-nio-8081-exec-12] org.apache.catalina.core.ApplicationContext.log Manager: list: Listing contexts for virtual host 'localhost'
04-Jun-2022 19:25:16.325 INFORMAÇÕES [http-nio-8081-exec-12] org.apache.catalina.core.ApplicationContext.log Manager: list: Listing contexts for virtual host 'localhost'
04-Jun-2022 19:27:05.352 INFORMAÇÕES [http-nio-8081-exec-19] org.apache.catalina.core.ApplicationContext.log Manager: list: Listing contexts for virtual host 'localhost'
04-Jun-2022 19:27:19.602 INFORMAÇÕES [http-nio-8081-exec-16] org.apache.catalina.core.ApplicationContext.log Manager: list: Listing contexts for virtual host 'localhost'
04-Jun-2022 19:27:22.157 INFORMAÇÕES [http-nio-8081-exec-12] org.apache.catalina.core.ApplicationContext.log Manager: list: Listing contexts for virtual host 'localhost'
04-Jun-2022 19:28:23.213 INFORMAÇÕES [http-nio-8081-exec-13] org.apache.catalina.core.ApplicationContext.log Manager: list: Listing contexts for virtual host 'localhost'
04-Jun-2022 19:30:30.052 INFORMAÇÕES [http-nio-8081-exec-18] org.apache.catalina.core.ApplicationContext.log Manager: list: Listing contexts for virtual host 'localhost'
04-Jun-2022 19:30:43.988 INFORMAÇÕES [http-nio-8081-exec-19] org.apache.catalina.core.ApplicationContext.log Manager: list: Listing contexts for virtual host 'localhost'
04-Jun-2022 19:30:48.717 INFORMAÇÕES [http-nio-8081-exec-16] org.apache.catalina.core.ApplicationContext.log Manager: list: Listing contexts for virtual host 'localhost'
04-Jun-2022 19:31:06.810 INFORMAÇÕES [http-nio-8081-exec-20] org.apache.catalina.core.ApplicationContext.log Manager: list: Listing contexts for virtual host 'localhost'
04-Jun-2022 19:31:37.021 INFORMAÇÕES [http-nio-8081-exec-15] org.apache.catalina.core.ApplicationContext.log Manager: list: Listing contexts for virtual host 'localhost'
04-Jun-2022 19:31:57.858 INFORMAÇÕES [http-nio-8081-exec-19] org.apache.catalina.core.ApplicationContext.log Manager: list: Listing contexts for virtual host 'localhost'
04-Jun-2022 19:32:43.920 INFORMAÇÕES [http-nio-8081-exec-18] org.apache.catalina.core.ApplicationContext.log Manager: list: Listing contexts for virtual host 'localhost'
04-Jun-2022 19:33:05.945 INFORMAÇÕES [http-nio-8081-exec-13] org.apache.catalina.core.ApplicationContext.log Manager: list: Listing contexts for virtual host 'localhost'
04-Jun-2022 19:33:11.028 INFORMAÇÕES [http-nio-8081-exec-20] org.apache.catalina.core.ApplicationContext.log Manager: list: Listing contexts for virtual host 'localhost'
04-Jun-2022 19:34:23.514 INFORMAÇÕES [http-nio-8081-exec-19] org.apache.catalina.core.ApplicationContext.log Manager: list: Listing contexts for virtual host 'localhost'
04-Jun-2022 19:34:50.891 INFORMAÇÕES [http-nio-8081-exec-15] org.apache.catalina.core.ApplicationContext.log Manager: list: Listing contexts for virtual host 'localhost'
04-Jun-2022 19:34:50.895 INFORMAÇÕES [http-nio-8081-exec-17] org.apache.catalina.core.ApplicationContext.log Manager: undeploy: Undeploying web application at '/ProjetoLoja'
04-Jun-2022 19:34:52.829 INFORMAÇÕES [http-nio-8081-exec-19] org.apache.catalina.core.ApplicationContext.log Manager: list: Listing contexts for virtual host 'localhost'
04-Jun-2022 19:34:52.830 INFORMAÇÕES [http-nio-8081-exec-20] org.apache.catalina.core.ApplicationContext.log Manager: list: Listing contexts for virtual host 'localhost'
04-Jun-2022 19:34:52.834 INFORMAÇÕES [http-nio-8081-exec-14] org.apache.catalina.core.ApplicationContext.log Manager: install: Installing context configuration at 'file:/C:/Users/lucas/AppData/Local/Temp/context7528138358498276513.xml'
04-Jun-2022 19:34:53.034 INFORMAÇÕES [http-nio-8081-exec-21] org.apache.catalina.core.ApplicationContext.log Manager: start: Starting web application '/ProjetoLoja'
04-Jun-2022 19:35:28.617 INFORMAÇÕES [http-nio-8081-exec-14] org.apache.catalina.core.ApplicationContext.log Manager: list: Listing contexts for virtual host 'localhost'
04-Jun-2022 19:36:17.007 INFORMAÇÕES [http-nio-8081-exec-26] org.apache.catalina.core.ApplicationContext.log Manager: list: Listing contexts for virtual host 'localhost'
04-Jun-2022 19:37:49.821 INFORMAÇÕES [http-nio-8081-exec-23] org.apache.catalina.core.ApplicationContext.log Manager: list: Listing contexts for virtual host 'localhost'
04-Jun-2022 19:38:14.662 INFORMAÇÕES [http-nio-8081-exec-24] org.apache.catalina.core.ApplicationContext.log Manager: list: Listing contexts for virtual host 'localhost'
04-Jun-2022 19:38:37.763 INFORMAÇÕES [http-nio-8081-exec-22] org.apache.catalina.core.ApplicationContext.log Manager: list: Listing contexts for virtual host 'localhost'
04-Jun-2022 19:39:06.029 INFORMAÇÕES [http-nio-8081-exec-21] org.apache.catalina.core.ApplicationContext.log Manager: list: Listing contexts for virtual host 'localhost'
04-Jun-2022 19:39:28.528 INFORMAÇÕES [http-nio-8081-exec-27] org.apache.catalina.core.ApplicationContext.log Manager: list: Listing contexts for virtual host 'localhost'
04-Jun-2022 19:39:46.608 INFORMAÇÕES [http-nio-8081-exec-23] org.apache.catalina.core.ApplicationContext.log Manager: list: Listing contexts for virtual host 'localhost'
04-Jun-2022 19:40:03.356 INFORMAÇÕES [http-nio-8081-exec-29] org.apache.catalina.core.ApplicationContext.log Manager: list: Listing contexts for virtual host 'localhost'
04-Jun-2022 19:40:17.642 INFORMAÇÕES [http-nio-8081-exec-22] org.apache.catalina.core.ApplicationContext.log Manager: list: Listing contexts for virtual host 'localhost'
04-Jun-2022 19:40:30.906 INFORMAÇÕES [http-nio-8081-exec-26] org.apache.catalina.core.ApplicationContext.log Manager: list: Listing contexts for virtual host 'localhost'
04-Jun-2022 19:40:36.390 INFORMAÇÕES [http-nio-8081-exec-27] org.apache.catalina.core.ApplicationContext.log Manager: list: Listing contexts for virtual host 'localhost'
04-Jun-2022 19:41:05.701 INFORMAÇÕES [http-nio-8081-exec-26] org.apache.catalina.core.ApplicationContext.log Manager: list: Listing contexts for virtual host 'localhost'
04-Jun-2022 19:42:20.260 INFORMAÇÕES [http-nio-8081-exec-24] org.apache.catalina.core.ApplicationContext.log Manager: list: Listing contexts for virtual host 'localhost'
04-Jun-2022 19:42:41.330 INFORMAÇÕES [http-nio-8081-exec-30] org.apache.catalina.core.ApplicationContext.log Manager: list: Listing contexts for virtual host 'localhost'
04-Jun-2022 19:43:09.497 INFORMAÇÕES [http-nio-8081-exec-22] org.apache.catalina.core.ApplicationContext.log Manager: list: Listing contexts for virtual host 'localhost'
04-Jun-2022 19:43:21.115 INFORMAÇÕES [http-nio-8081-exec-26] org.apache.catalina.core.ApplicationContext.log Manager: list: Listing contexts for virtual host 'localhost'
04-Jun-2022 19:43:53.480 INFORMAÇÕES [http-nio-8081-exec-24] org.apache.catalina.core.ApplicationContext.log Manager: list: Listing contexts for virtual host 'localhost'
04-Jun-2022 19:45:08.796 INFORMAÇÕES [http-nio-8081-exec-24] org.apache.catalina.core.ApplicationContext.log Manager: list: Listing contexts for virtual host 'localhost'
04-Jun-2022 19:45:37.694 INFORMAÇÕES [http-nio-8081-exec-27] org.apache.catalina.core.ApplicationContext.log Manager: list: Listing contexts for virtual host 'localhost'
04-Jun-2022 19:47:01.631 INFORMAÇÕES [http-nio-8081-exec-24] org.apache.catalina.core.ApplicationContext.log Manager: list: Listing contexts for virtual host 'localhost'
04-Jun-2022 19:53:39.285 INFORMAÇÕES [http-nio-8081-exec-24] org.apache.catalina.core.ApplicationContext.log Manager: list: Listing contexts for virtual host 'localhost'
04-Jun-2022 19:53:39.288 INFORMAÇÕES [http-nio-8081-exec-22] org.apache.catalina.core.ApplicationContext.log Manager: restart: Reloading web application '/ProjetoLoja'
04-Jun-2022 19:54:15.285 INFORMAÇÕES [http-nio-8081-exec-24] org.apache.catalina.core.ApplicationContext.log Manager: list: Listing contexts for virtual host 'localhost'
04-Jun-2022 19:54:15.288 INFORMAÇÕES [http-nio-8081-exec-28] org.apache.catalina.core.ApplicationContext.log Manager: restart: Reloading web application '/ProjetoLoja'
04-Jun-2022 19:54:54.767 INFORMAÇÕES [http-nio-8081-exec-39] org.apache.catalina.core.ApplicationContext.log Manager: list: Listing contexts for virtual host 'localhost'
04-Jun-2022 19:54:54.770 INFORMAÇÕES [http-nio-8081-exec-35] org.apache.catalina.core.ApplicationContext.log Manager: restart: Reloading web application '/ProjetoLoja'
04-Jun-2022 19:57:29.040 INFORMAÇÕES [http-nio-8081-exec-53] org.apache.catalina.core.ApplicationContext.log Manager: list: Listing contexts for virtual host 'localhost'
04-Jun-2022 19:57:29.044 INFORMAÇÕES [http-nio-8081-exec-46] org.apache.catalina.core.ApplicationContext.log Manager: restart: Reloading web application '/ProjetoLoja'
04-Jun-2022 19:57:38.851 INFORMAÇÕES [http-nio-8081-exec-53] org.apache.catalina.core.ApplicationContext.log Manager: list: Listing contexts for virtual host 'localhost'
04-Jun-2022 19:57:38.855 INFORMAÇÕES [http-nio-8081-exec-56] org.apache.catalina.core.ApplicationContext.log Manager: restart: Reloading web application '/ProjetoLoja'
04-Jun-2022 19:58:24.356 INFORMAÇÕES [http-nio-8081-exec-55] org.apache.catalina.core.ApplicationContext.log Manager: list: Listing contexts for virtual host 'localhost'
04-Jun-2022 19:58:24.358 INFORMAÇÕES [http-nio-8081-exec-52] org.apache.catalina.core.ApplicationContext.log Manager: restart: Reloading web application '/ProjetoLoja'
04-Jun-2022 19:58:57.728 INFORMAÇÕES [http-nio-8081-exec-68] org.apache.catalina.core.ApplicationContext.log Manager: list: Listing contexts for virtual host 'localhost'
04-Jun-2022 19:58:57.731 INFORMAÇÕES [http-nio-8081-exec-69] org.apache.catalina.core.ApplicationContext.log Manager: undeploy: Undeploying web application at '/ProjetoLoja'
04-Jun-2022 19:59:01.655 INFORMAÇÕES [http-nio-8081-exec-66] org.apache.catalina.core.ApplicationContext.log Manager: list: Listing contexts for virtual host 'localhost'
04-Jun-2022 19:59:01.656 INFORMAÇÕES [http-nio-8081-exec-64] org.apache.catalina.core.ApplicationContext.log Manager: list: Listing contexts for virtual host 'localhost'
04-Jun-2022 19:59:01.661 INFORMAÇÕES [http-nio-8081-exec-52] org.apache.catalina.core.ApplicationContext.log Manager: install: Installing context configuration at 'file:/C:/Users/lucas/AppData/Local/Temp/context3854842565168721757.xml'
04-Jun-2022 19:59:01.849 INFORMAÇÕES [http-nio-8081-exec-69] org.apache.catalina.core.ApplicationContext.log Manager: start: Starting web application '/ProjetoLoja'
04-Jun-2022 20:01:20.870 INFORMAÇÕES [http-nio-8081-exec-75] org.apache.catalina.core.ApplicationContext.log Manager: list: Listing contexts for virtual host 'localhost'
04-Jun-2022 20:01:20.873 INFORMAÇÕES [http-nio-8081-exec-76] org.apache.catalina.core.ApplicationContext.log Manager: restart: Reloading web application '/ProjetoLoja'
04-Jun-2022 20:01:46.150 INFORMAÇÕES [http-nio-8081-exec-81] org.apache.catalina.core.ApplicationContext.log Manager: list: Listing contexts for virtual host 'localhost'
04-Jun-2022 20:01:46.153 INFORMAÇÕES [http-nio-8081-exec-75] org.apache.catalina.core.ApplicationContext.log Manager: restart: Reloading web application '/ProjetoLoja'
04-Jun-2022 20:02:23.314 INFORMAÇÕES [http-nio-8081-exec-2] org.apache.catalina.core.ApplicationContext.log Manager: init: Associated with Deployer 'Catalina:type=Deployer,host=localhost'
04-Jun-2022 20:02:23.314 INFORMAÇÕES [http-nio-8081-exec-2] org.apache.catalina.core.ApplicationContext.log Manager: init: Global resources are available
04-Jun-2022 20:02:24.243 INFORMAÇÕES [http-nio-8081-exec-3] org.apache.catalina.core.ApplicationContext.log Manager: list: Listing contexts for virtual host 'localhost'
04-Jun-2022 20:02:24.245 INFORMAÇÕES [http-nio-8081-exec-4] org.apache.catalina.core.ApplicationContext.log Manager: list: Listing contexts for virtual host 'localhost'
04-Jun-2022 20:02:24.250 INFORMAÇÕES [http-nio-8081-exec-5] org.apache.catalina.core.ApplicationContext.log Manager: undeploy: Undeploying web application at '/ProjetoLoja'
04-Jun-2022 20:02:24.783 INFORMAÇÕES [http-nio-8081-exec-4] org.apache.catalina.core.ApplicationContext.log Manager: install: Installing context configuration at 'file:/C:/Users/lucas/AppData/Local/Temp/context3315277327259603311.xml'
04-Jun-2022 20:02:24.995 INFORMAÇÕES [http-nio-8081-exec-3] org.apache.catalina.core.ApplicationContext.log Manager: start: Starting web application '/ProjetoLoja'
04-Jun-2022 20:05:38.820 INFORMAÇÕES [http-nio-8081-exec-12] org.apache.catalina.core.ApplicationContext.log Manager: list: Listing contexts for virtual host 'localhost'
04-Jun-2022 20:05:38.823 INFORMAÇÕES [http-nio-8081-exec-13] org.apache.catalina.core.ApplicationContext.log Manager: restart: Reloading web application '/ProjetoLoja'
04-Jun-2022 20:13:45.999 INFORMAÇÕES [http-nio-8081-exec-22] org.apache.catalina.core.ApplicationContext.log Manager: list: Listing contexts for virtual host 'localhost'
04-Jun-2022 20:14:19.245 INFORMAÇÕES [http-nio-8081-exec-28] org.apache.catalina.core.ApplicationContext.log Manager: list: Listing contexts for virtual host 'localhost'
04-Jun-2022 20:17:39.370 INFORMAÇÕES [http-nio-8081-exec-4] org.apache.catalina.core.ApplicationContext.log Manager: init: Associated with Deployer 'Catalina:type=Deployer,host=localhost'
04-Jun-2022 20:17:39.370 INFORMAÇÕES [http-nio-8081-exec-4] org.apache.catalina.core.ApplicationContext.log Manager: init: Global resources are available
04-Jun-2022 20:17:39.621 INFORMAÇÕES [http-nio-8081-exec-7] org.apache.catalina.core.ApplicationContext.log Manager: list: Listing contexts for virtual host 'localhost'
04-Jun-2022 20:17:39.625 INFORMAÇÕES [http-nio-8081-exec-8] org.apache.catalina.core.ApplicationContext.log Manager: undeploy: Undeploying web application at '/ProjetoLoja'
04-Jun-2022 20:17:40.159 INFORMAÇÕES [http-nio-8081-exec-6] org.apache.catalina.core.ApplicationContext.log Manager: install: Installing context configuration at 'file:/C:/Users/lucas/AppData/Local/Temp/context3688860802361817431.xml'
04-Jun-2022 20:17:40.377 INFORMAÇÕES [http-nio-8081-exec-4] org.apache.catalina.core.ApplicationContext.log Manager: start: Starting web application '/ProjetoLoja'
